[debug] [2022-11-15T15:25:04.764Z] ----------------------------------------------------------------------
[debug] [2022-11-15T15:25:04.766Z] Command:       C:\Program Files\nodejs\node.exe C:\Users\Hiru\AppData\Roaming\npm\node_modules\firebase-tools\lib\bin\firebase.js deploy
[debug] [2022-11-15T15:25:04.766Z] CLI Version:   11.15.0
[debug] [2022-11-15T15:25:04.767Z] Platform:      win32
[debug] [2022-11-15T15:25:04.767Z] Node Version:  v16.15.1
[debug] [2022-11-15T15:25:04.898Z] Time:          Tue Nov 15 2022 21:25:04 GMT+0600 (Bangladesh Standard Time)
[debug] [2022-11-15T15:25:04.899Z] ----------------------------------------------------------------------
[debug] 
[debug] [2022-11-15T15:25:04.915Z] >>> [apiv2][query] GET https://firebase-public.firebaseio.com/cli.json [none]
[debug] [2022-11-15T15:25:05.036Z] > command requires scopes: ["email","openid","https://www.googleapis.com/auth/cloudplatformprojects.readonly","https://www.googleapis.com/auth/firebase","https://www.googleapis.com/auth/cloud-platform"]
[debug] [2022-11-15T15:25:05.036Z] > authorizing via signed-in user (hirucse91@gmail.com)
[debug] [2022-11-15T15:25:05.037Z] [iam] checking project heart-doctor-b4d08 for permissions ["firebase.projects.get","firebasehosting.sites.update"]
[debug] [2022-11-15T15:25:05.038Z] > refreshing access token with scopes: []
[debug] [2022-11-15T15:25:05.039Z] >>> [apiv2][query] POST https://www.googleapis.com/oauth2/v3/token [none]
[debug] [2022-11-15T15:25:05.039Z] >>> [apiv2][body] POST https://www.googleapis.com/oauth2/v3/token [omitted]
[debug] [2022-11-15T15:28:27.718Z] <<< [apiv2][status] GET https://firebase-public.firebaseio.com/cli.json 200
[debug] [2022-11-15T15:28:27.718Z] <<< [apiv2][body] GET https://firebase-public.firebaseio.com/cli.json {"cloudBuildErrorAfter":1594252800000,"cloudBuildWarnAfter":1590019200000,"defaultNode10After":1594252800000,"minVersion":"3.0.5","node8DeploysDisabledAfter":1613390400000,"node8RuntimeDisabledAfter":1615809600000,"node8WarnAfter":1600128000000}
[debug] [2022-11-15T15:28:29.956Z] <<< [apiv2][status] POST https://www.googleapis.com/oauth2/v3/token 200
[debug] [2022-11-15T15:28:29.956Z] <<< [apiv2][body] POST https://www.googleapis.com/oauth2/v3/token [omitted]
[debug] [2022-11-15T15:28:30.122Z] >>> [apiv2][query] POST https://cloudresourcemanager.googleapis.com/v1/projects/heart-doctor-b4d08:testIamPermissions [none]
[debug] [2022-11-15T15:28:30.123Z] >>> [apiv2][(partial)header] POST https://cloudresourcemanager.googleapis.com/v1/projects/heart-doctor-b4d08:testIamPermissions x-goog-quota-user=projects/heart-doctor-b4d08
[debug] [2022-11-15T15:28:30.123Z] >>> [apiv2][body] POST https://cloudresourcemanager.googleapis.com/v1/projects/heart-doctor-b4d08:testIamPermissions {"permissions":["firebase.projects.get","firebasehosting.sites.update"]}
[debug] [2022-11-15T15:28:31.798Z] <<< [apiv2][status] POST https://cloudresourcemanager.googleapis.com/v1/projects/heart-doctor-b4d08:testIamPermissions 200
[debug] [2022-11-15T15:28:31.798Z] <<< [apiv2][body] POST https://cloudresourcemanager.googleapis.com/v1/projects/heart-doctor-b4d08:testIamPermissions {"permissions":["firebase.projects.get","firebasehosting.sites.update"]}
[debug] [2022-11-15T15:28:31.799Z] >>> [apiv2][query] GET https://firebase.googleapis.com/v1beta1/projects/heart-doctor-b4d08 [none]
[debug] [2022-11-15T15:28:32.510Z] <<< [apiv2][status] GET https://firebase.googleapis.com/v1beta1/projects/heart-doctor-b4d08 200
[debug] [2022-11-15T15:28:32.510Z] <<< [apiv2][body] GET https://firebase.googleapis.com/v1beta1/projects/heart-doctor-b4d08 {"projectId":"heart-doctor-b4d08","projectNumber":"21225349597","displayName":"heart-doctor","name":"projects/heart-doctor-b4d08","resources":{"hostingSite":"heart-doctor-b4d08"},"state":"ACTIVE","etag":"1_8d20f287-3b06-4908-90cb-f3bc08dbeb2c"}
[info] 
[info] === Deploying to 'heart-doctor-b4d08'...
[info] 
[info] i  deploying hosting 
[debug] [2022-11-15T15:28:32.519Z] >>> [apiv2][query] POST https://firebasehosting.googleapis.com/v1beta1/projects/-/sites/heart-doctor-b4d08/versions [none]
[debug] [2022-11-15T15:28:32.520Z] >>> [apiv2][body] POST https://firebasehosting.googleapis.com/v1beta1/projects/-/sites/heart-doctor-b4d08/versions {"status":"CREATED","labels":{"deployment-tool":"cli-firebase"}}
[debug] [2022-11-15T15:28:35.608Z] <<< [apiv2][status] POST https://firebasehosting.googleapis.com/v1beta1/projects/-/sites/heart-doctor-b4d08/versions 200
[debug] [2022-11-15T15:28:35.608Z] <<< [apiv2][body] POST https://firebasehosting.googleapis.com/v1beta1/projects/-/sites/heart-doctor-b4d08/versions {"name":"projects/21225349597/sites/heart-doctor-b4d08/versions/79b63c1823777c53","status":"CREATED","config":{},"labels":{"deployment-tool":"cli-firebase"}}
[info] i  hosting[heart-doctor-b4d08]: beginning deploy... 
[info] i  hosting[heart-doctor-b4d08]: found 24 files in build 
[debug] [2022-11-15T15:28:35.625Z] [hosting] uploading with 200 concurrency
[debug] [2022-11-15T15:28:36.233Z] [hosting] hash cache [YnVpbGQ] stored for 24 files
[debug] [2022-11-15T15:28:36.233Z] [hosting][hash queue][FINAL] {"max":341,"min":4,"avg":47.166666666666664,"active":0,"complete":24,"success":24,"errored":0,"retried":0,"total":24,"elapsed":381}
[debug] [2022-11-15T15:28:36.234Z] >>> [apiv2][query] POST https://firebasehosting.googleapis.com/v1beta1/projects/21225349597/sites/heart-doctor-b4d08/versions/79b63c1823777c53:populateFiles [none]
[debug] [2022-11-15T15:28:36.234Z] >>> [apiv2][body] POST https://firebasehosting.googleapis.com/v1beta1/projects/21225349597/sites/heart-doctor-b4d08/versions/79b63c1823777c53:populateFiles {"files":{"/favicon.ico":"d9a438ddea70dcaadddb89ef8a72b16e271a7fb7cd414017989519b353674623","/logo192.png":"3ee59515172ee198f3be375979df15ac5345183e656720a381b8872b2a39dc8b","/logo512.png":"ee7e2f3fdb8209c4b6fd7bef6ba50d1b9dba30a25bb5c3126df057e1cb6f5331","/manifest.json":"aff3449bdc238776f5d6d967f19ec491b36aed5fb7f23ccff6500736fd58494a","/robots.txt":"bfe106a3fb878dc83461c86818bf74fc1bdc7f28538ba613cd3e775516ce8b49","/services.json":"338a9b3c2b166692c819077bf6124f2f00a4d61ee54bbeb62e56889b5b2db86d","/asset-manifest.json":"3c33a773bace8724dad621554aba980347dd967cf8e050df266002f7e1767b3e","/index.html":"972f041b948096e8216f77852d9091da525545cc8c70a200662a98b019e996aa","/static/js/787.bf13b6c7.chunk.js":"57af58664206de0ce5aac484553298ed805f6bffdb8b1e4de42e114632c75d75","/static/js/787.bf13b6c7.chunk.js.map":"79b7c902a4145532adbe7d310ee6dced6584a39e38b801c2f514f0fb89c3e5f2","/static/js/main.9bf4d1e5.js.LICENSE.txt":"7b213d6cb7ea8ce014d382081d02cba95ff021df4e6359edc39e995302f37b21","/static/css/main.6f448521.css.map":"1cc0932a040efce4969f95d03841e2ed25c0c20e22bb2fa867ffbee2ca80c52a","/static/css/main.6f448521.css":"87fd5f9aa6163db085384f1ea164b8b932148800463825c8a8d6de874ac2455a","/static/media/sign-up-concep.fffcb96f2a2f70e4c9ab.webp":"0db7653f65bf7ec4579ed6fc6dd04fcea86e166d476cb195a52d86b73c30c4b1","/static/media/login.236fcbe5d81ba6cceb5e.png":"8b0e13ec697d117a89e0fb3c22a866b15fe5737fd52c4ba17df109949bb336f9","/static/media/img4.a82fc5c0fb2bbf89b827.jpg":"22ab5afb28e6beba0944e740d8c432c758960ef233f64c95fd05490320e5ed67","/static/media/austin+kosier+heart+anatomy+cardiac+structures-removebg-preview.704ab11aa557fb42c9cd.png":"4f8f734c66192bb0450e435796159241455037ecb21da2c86751cf28ddf73951","/static/media/lasteSectionImage-removebg-preview.3d54e09a127dc019c433.png":"b21b8d6db97826ecef8044b75384909fefa133584104177e873d81227c3d93d0","/static/js/main.9bf4d1e5.js":"6410dfc8b5b6c9fae0bc75632620acf9aa9218148d52ce0f5ef4cf7cf3234dd0","/static/media/img3.a00439a345d9cd01fef0.jpg":"7a3b39c8aa501c67b4bcbc8676e0dddc45e9cec8e935cd71251ee6055b07b47f","/static/media/img2.9d70c462999172452a64.webp":"838a9721141c61102dd0936c7899355db29ea040ad268410f77932068849e8cd","/static/media/heart.0ac514729e3dc424de1a.png":"d9a438ddea70dcaadddb89ef8a72b16e271a7fb7cd414017989519b353674623","/static/media/img1.23a4bb330200bcb9708c.jpg":"a84c1842ee3678b6ae0c9d6bcbb6fb6446fe763f9e2eaa3dd34322aa0e1985eb","/static/js/main.9bf4d1e5.js.map":"a1b4669b6946c509cf74017c077540fe20caa014856fcb6e1fb2403807c7b89c"}}
[debug] [2022-11-15T15:28:37.533Z] <<< [apiv2][status] POST https://firebasehosting.googleapis.com/v1beta1/projects/21225349597/sites/heart-doctor-b4d08/versions/79b63c1823777c53:populateFiles 200
[debug] [2022-11-15T15:28:37.533Z] <<< [apiv2][body] POST https://firebasehosting.googleapis.com/v1beta1/projects/21225349597/sites/heart-doctor-b4d08/versions/79b63c1823777c53:populateFiles {"uploadRequiredHashes":["6410dfc8b5b6c9fae0bc75632620acf9aa9218148d52ce0f5ef4cf7cf3234dd0","3c33a773bace8724dad621554aba980347dd967cf8e050df266002f7e1767b3e","1cc0932a040efce4969f95d03841e2ed25c0c20e22bb2fa867ffbee2ca80c52a","7b213d6cb7ea8ce014d382081d02cba95ff021df4e6359edc39e995302f37b21","87fd5f9aa6163db085384f1ea164b8b932148800463825c8a8d6de874ac2455a","a1b4669b6946c509cf74017c077540fe20caa014856fcb6e1fb2403807c7b89c","972f041b948096e8216f77852d9091da525545cc8c70a200662a98b019e996aa"],"uploadUrl":"https://upload-firebasehosting.googleapis.com/upload/sites/heart-doctor-b4d08/versions/79b63c1823777c53/files"}
[debug] [2022-11-15T15:28:37.535Z] >>> [apiv2][query] POST https://upload-firebasehosting.googleapis.com/upload/sites/heart-doctor-b4d08/versions/79b63c1823777c53/files/6410dfc8b5b6c9fae0bc75632620acf9aa9218148d52ce0f5ef4cf7cf3234dd0 [none]
[debug] [2022-11-15T15:28:37.535Z] >>> [apiv2][body] POST https://upload-firebasehosting.googleapis.com/upload/sites/heart-doctor-b4d08/versions/79b63c1823777c53/files/6410dfc8b5b6c9fae0bc75632620acf9aa9218148d52ce0f5ef4cf7cf3234dd0 [stream]
[debug] [2022-11-15T15:28:37.536Z] >>> [apiv2][query] POST https://upload-firebasehosting.googleapis.com/upload/sites/heart-doctor-b4d08/versions/79b63c1823777c53/files/3c33a773bace8724dad621554aba980347dd967cf8e050df266002f7e1767b3e [none]
[debug] [2022-11-15T15:28:37.537Z] >>> [apiv2][body] POST https://upload-firebasehosting.googleapis.com/upload/sites/heart-doctor-b4d08/versions/79b63c1823777c53/files/3c33a773bace8724dad621554aba980347dd967cf8e050df266002f7e1767b3e [stream]
[debug] [2022-11-15T15:28:37.538Z] >>> [apiv2][query] POST https://upload-firebasehosting.googleapis.com/upload/sites/heart-doctor-b4d08/versions/79b63c1823777c53/files/1cc0932a040efce4969f95d03841e2ed25c0c20e22bb2fa867ffbee2ca80c52a [none]
[debug] [2022-11-15T15:28:37.538Z] >>> [apiv2][body] POST https://upload-firebasehosting.googleapis.com/upload/sites/heart-doctor-b4d08/versions/79b63c1823777c53/files/1cc0932a040efce4969f95d03841e2ed25c0c20e22bb2fa867ffbee2ca80c52a [stream]
[debug] [2022-11-15T15:28:37.539Z] >>> [apiv2][query] POST https://upload-firebasehosting.googleapis.com/upload/sites/heart-doctor-b4d08/versions/79b63c1823777c53/files/7b213d6cb7ea8ce014d382081d02cba95ff021df4e6359edc39e995302f37b21 [none]
[debug] [2022-11-15T15:28:37.539Z] >>> [apiv2][body] POST https://upload-firebasehosting.googleapis.com/upload/sites/heart-doctor-b4d08/versions/79b63c1823777c53/files/7b213d6cb7ea8ce014d382081d02cba95ff021df4e6359edc39e995302f37b21 [stream]
[debug] [2022-11-15T15:28:37.540Z] >>> [apiv2][query] POST https://upload-firebasehosting.googleapis.com/upload/sites/heart-doctor-b4d08/versions/79b63c1823777c53/files/87fd5f9aa6163db085384f1ea164b8b932148800463825c8a8d6de874ac2455a [none]
[debug] [2022-11-15T15:28:37.540Z] >>> [apiv2][body] POST https://upload-firebasehosting.googleapis.com/upload/sites/heart-doctor-b4d08/versions/79b63c1823777c53/files/87fd5f9aa6163db085384f1ea164b8b932148800463825c8a8d6de874ac2455a [stream]
[debug] [2022-11-15T15:28:37.541Z] >>> [apiv2][query] POST https://upload-firebasehosting.googleapis.com/upload/sites/heart-doctor-b4d08/versions/79b63c1823777c53/files/a1b4669b6946c509cf74017c077540fe20caa014856fcb6e1fb2403807c7b89c [none]
[debug] [2022-11-15T15:28:37.541Z] >>> [apiv2][body] POST https://upload-firebasehosting.googleapis.com/upload/sites/heart-doctor-b4d08/versions/79b63c1823777c53/files/a1b4669b6946c509cf74017c077540fe20caa014856fcb6e1fb2403807c7b89c [stream]
[debug] [2022-11-15T15:28:37.542Z] >>> [apiv2][query] POST https://upload-firebasehosting.googleapis.com/upload/sites/heart-doctor-b4d08/versions/79b63c1823777c53/files/972f041b948096e8216f77852d9091da525545cc8c70a200662a98b019e996aa [none]
[debug] [2022-11-15T15:28:37.542Z] >>> [apiv2][body] POST https://upload-firebasehosting.googleapis.com/upload/sites/heart-doctor-b4d08/versions/79b63c1823777c53/files/972f041b948096e8216f77852d9091da525545cc8c70a200662a98b019e996aa [stream]
[debug] [2022-11-15T15:28:37.543Z] [hosting][populate queue][FINAL] {"max":1334,"min":1334,"avg":1334,"active":0,"complete":1,"success":1,"errored":0,"retried":0,"total":1,"elapsed":1343}
[debug] [2022-11-15T15:28:37.543Z] [hosting] uploads queued: 7
[debug] [2022-11-15T15:28:39.261Z] <<< [apiv2][status] POST https://upload-firebasehosting.googleapis.com/upload/sites/heart-doctor-b4d08/versions/79b63c1823777c53/files/7b213d6cb7ea8ce014d382081d02cba95ff021df4e6359edc39e995302f37b21 200
[debug] [2022-11-15T15:28:39.261Z] <<< [apiv2][body] POST https://upload-firebasehosting.googleapis.com/upload/sites/heart-doctor-b4d08/versions/79b63c1823777c53/files/7b213d6cb7ea8ce014d382081d02cba95ff021df4e6359edc39e995302f37b21 [stream]
[debug] [2022-11-15T15:28:40.130Z] <<< [apiv2][status] POST https://upload-firebasehosting.googleapis.com/upload/sites/heart-doctor-b4d08/versions/79b63c1823777c53/files/3c33a773bace8724dad621554aba980347dd967cf8e050df266002f7e1767b3e 200
[debug] [2022-11-15T15:28:40.131Z] <<< [apiv2][body] POST https://upload-firebasehosting.googleapis.com/upload/sites/heart-doctor-b4d08/versions/79b63c1823777c53/files/3c33a773bace8724dad621554aba980347dd967cf8e050df266002f7e1767b3e [stream]
[debug] [2022-11-15T15:28:40.754Z] <<< [apiv2][status] POST https://upload-firebasehosting.googleapis.com/upload/sites/heart-doctor-b4d08/versions/79b63c1823777c53/files/a1b4669b6946c509cf74017c077540fe20caa014856fcb6e1fb2403807c7b89c 200
[debug] [2022-11-15T15:28:40.754Z] <<< [apiv2][body] POST https://upload-firebasehosting.googleapis.com/upload/sites/heart-doctor-b4d08/versions/79b63c1823777c53/files/a1b4669b6946c509cf74017c077540fe20caa014856fcb6e1fb2403807c7b89c [stream]
[debug] [2022-11-15T15:28:41.223Z] <<< [apiv2][status] POST https://upload-firebasehosting.googleapis.com/upload/sites/heart-doctor-b4d08/versions/79b63c1823777c53/files/972f041b948096e8216f77852d9091da525545cc8c70a200662a98b019e996aa 200
[debug] [2022-11-15T15:28:41.223Z] <<< [apiv2][body] POST https://upload-firebasehosting.googleapis.com/upload/sites/heart-doctor-b4d08/versions/79b63c1823777c53/files/972f041b948096e8216f77852d9091da525545cc8c70a200662a98b019e996aa [stream]
[debug] [2022-11-15T15:28:41.295Z] <<< [apiv2][status] POST https://upload-firebasehosting.googleapis.com/upload/sites/heart-doctor-b4d08/versions/79b63c1823777c53/files/6410dfc8b5b6c9fae0bc75632620acf9aa9218148d52ce0f5ef4cf7cf3234dd0 200
[debug] [2022-11-15T15:28:41.296Z] <<< [apiv2][body] POST https://upload-firebasehosting.googleapis.com/upload/sites/heart-doctor-b4d08/versions/79b63c1823777c53/files/6410dfc8b5b6c9fae0bc75632620acf9aa9218148d52ce0f5ef4cf7cf3234dd0 [stream]
[debug] [2022-11-15T15:28:42.980Z] <<< [apiv2][status] POST https://upload-firebasehosting.googleapis.com/upload/sites/heart-doctor-b4d08/versions/79b63c1823777c53/files/87fd5f9aa6163db085384f1ea164b8b932148800463825c8a8d6de874ac2455a 200
[debug] [2022-11-15T15:28:42.981Z] <<< [apiv2][body] POST https://upload-firebasehosting.googleapis.com/upload/sites/heart-doctor-b4d08/versions/79b63c1823777c53/files/87fd5f9aa6163db085384f1ea164b8b932148800463825c8a8d6de874ac2455a [stream]
[debug] [2022-11-15T15:28:45.583Z] <<< [apiv2][status] POST https://upload-firebasehosting.googleapis.com/upload/sites/heart-doctor-b4d08/versions/79b63c1823777c53/files/1cc0932a040efce4969f95d03841e2ed25c0c20e22bb2fa867ffbee2ca80c52a 200
[debug] [2022-11-15T15:28:45.583Z] <<< [apiv2][body] POST https://upload-firebasehosting.googleapis.com/upload/sites/heart-doctor-b4d08/versions/79b63c1823777c53/files/1cc0932a040efce4969f95d03841e2ed25c0c20e22bb2fa867ffbee2ca80c52a [stream]
[debug] [2022-11-15T15:28:45.583Z] [hosting][upload queue][FINAL] {"max":8049,"min":1728,"avg":4070.714285714286,"active":0,"complete":7,"success":7,"errored":0,"retried":0,"total":7,"elapsed":8050}
[info] +  hosting[heart-doctor-b4d08]: file upload complete 
[debug] [2022-11-15T15:28:45.588Z] [hosting] deploy completed after 9978ms
[debug] [2022-11-15T15:28:45.594Z] [
  {
    "config": {
      "public": "build",
      "ignore": [
        "firebase.json",
        "**/.*",
        "**/node_modules/**"
      ],
      "rewrites": [
        {
          "source": "**",
          "destination": "/index.html"
        }
      ],
      "site": "heart-doctor-b4d08"
    },
    "version": "projects/21225349597/sites/heart-doctor-b4d08/versions/79b63c1823777c53"
  }
]
[info] i  hosting[heart-doctor-b4d08]: finalizing version... 
[debug] [2022-11-15T15:28:45.597Z] >>> [apiv2][query] PATCH https://firebasehosting.googleapis.com/v1beta1/projects/-/sites/heart-doctor-b4d08/versions/79b63c1823777c53 updateMask=status%2Cconfig
[debug] [2022-11-15T15:28:45.597Z] >>> [apiv2][body] PATCH https://firebasehosting.googleapis.com/v1beta1/projects/-/sites/heart-doctor-b4d08/versions/79b63c1823777c53 {"status":"FINALIZED","config":{"rewrites":[{"glob":"**","path":"/index.html"}]}}
[debug] [2022-11-15T15:28:47.465Z] <<< [apiv2][status] PATCH https://firebasehosting.googleapis.com/v1beta1/projects/-/sites/heart-doctor-b4d08/versions/79b63c1823777c53 200
[debug] [2022-11-15T15:28:47.465Z] <<< [apiv2][body] PATCH https://firebasehosting.googleapis.com/v1beta1/projects/-/sites/heart-doctor-b4d08/versions/79b63c1823777c53 {"name":"projects/21225349597/sites/heart-doctor-b4d08/versions/79b63c1823777c53","status":"FINALIZED","config":{"rewrites":[{"glob":"**","path":"/index.html"}]},"labels":{"deployment-tool":"cli-firebase"},"createTime":"2022-11-15T15:28:32.522066Z","createUser":{"email":"hirucse91@gmail.com"},"finalizeTime":"2022-11-15T15:28:44.872796Z","finalizeUser":{"email":"hirucse91@gmail.com"}}
[debug] [2022-11-15T15:28:47.465Z] [hosting] finalized version for heart-doctor-b4d08:[object Object]
[info] +  hosting[heart-doctor-b4d08]: version finalized 
[info] i  hosting[heart-doctor-b4d08]: releasing new version... 
[debug] [2022-11-15T15:28:47.468Z] >>> [apiv2][query] POST https://firebasehosting.googleapis.com/v1beta1/projects/-/sites/heart-doctor-b4d08/channels/live/releases versionName=projects%2F21225349597%2Fsites%2Fheart-doctor-b4d08%2Fversions%2F79b63c1823777c53
[debug] [2022-11-15T15:28:47.469Z] >>> [apiv2][body] POST https://firebasehosting.googleapis.com/v1beta1/projects/-/sites/heart-doctor-b4d08/channels/live/releases {}
[debug] [2022-11-15T15:28:48.824Z] <<< [apiv2][status] POST https://firebasehosting.googleapis.com/v1beta1/projects/-/sites/heart-doctor-b4d08/channels/live/releases 200
[debug] [2022-11-15T15:28:48.825Z] <<< [apiv2][body] POST https://firebasehosting.googleapis.com/v1beta1/projects/-/sites/heart-doctor-b4d08/channels/live/releases {"name":"projects/21225349597/sites/heart-doctor-b4d08/channels/live/releases/1668526125489927","version":{"name":"projects/21225349597/sites/heart-doctor-b4d08/versions/79b63c1823777c53","status":"FINALIZED","config":{"rewrites":[{"glob":"**","path":"/index.html"}]},"labels":{"deployment-tool":"cli-firebase"},"createTime":"2022-11-15T15:28:32.522066Z","createUser":{"email":"hirucse91@gmail.com","imageUrl":"https://lh3.googleusercontent.com/a/ALm5wu3RWFUmkcK3bOjr20Jp1W2FcTTVCxDP76vJF2T3"},"finalizeTime":"2022-11-15T15:28:44.872796Z","finalizeUser":{"email":"hirucse91@gmail.com","imageUrl":"https://lh3.googleusercontent.com/a/ALm5wu3RWFUmkcK3bOjr20Jp1W2FcTTVCxDP76vJF2T3"}},"type":"DEPLOY","releaseTime":"2022-11-15T15:28:45.489927381Z","releaseUser":{"email":"hirucse91@gmail.com","imageUrl":"https://lh3.googleusercontent.com/a/ALm5wu3RWFUmkcK3bOjr20Jp1W2FcTTVCxDP76vJF2T3"}}
[debug] [2022-11-15T15:28:48.825Z] [hosting] release: {"name":"projects/21225349597/sites/heart-doctor-b4d08/channels/live/releases/1668526125489927","version":{"name":"projects/21225349597/sites/heart-doctor-b4d08/versions/79b63c1823777c53","status":"FINALIZED","config":{"rewrites":[{"glob":"**","path":"/index.html"}]},"labels":{"deployment-tool":"cli-firebase"},"createTime":"2022-11-15T15:28:32.522066Z","createUser":{"email":"hirucse91@gmail.com","imageUrl":"https://lh3.googleusercontent.com/a/ALm5wu3RWFUmkcK3bOjr20Jp1W2FcTTVCxDP76vJF2T3"},"finalizeTime":"2022-11-15T15:28:44.872796Z","finalizeUser":{"email":"hirucse91@gmail.com","imageUrl":"https://lh3.googleusercontent.com/a/ALm5wu3RWFUmkcK3bOjr20Jp1W2FcTTVCxDP76vJF2T3"}},"type":"DEPLOY","releaseTime":"2022-11-15T15:28:45.489927381Z","releaseUser":{"email":"hirucse91@gmail.com","imageUrl":"https://lh3.googleusercontent.com/a/ALm5wu3RWFUmkcK3bOjr20Jp1W2FcTTVCxDP76vJF2T3"}}
[info] +  hosting[heart-doctor-b4d08]: release complete 
[info] 
[info] +  Deploy complete! 
[info] 
[info] Project Console: https://console.firebase.google.com/project/heart-doctor-b4d08/overview
[info] Hosting URL: https://heart-doctor-b4d08.web.app
[debug] [2022-11-15T15:28:55.720Z] Error: Timed out.
    at Timeout._onTimeout (C:\Users\Hiru\AppData\Roaming\npm\node_modules\firebase-tools\lib\utils.js:253:49)
    at listOnTimeout (node:internal/timers:559:17)
    at processTimers (node:internal/timers:502:7)
[error] 
[error] Error: An unexpected error has occurred.
